<?xml version="1.0" encoding="UTF-8"?>
<testng-results ignored="9" total="13" passed="4" failed="0" skipped="0">
  <reporter-output>
  </reporter-output>
  <suite started-at="2023-10-09T22:34:36 BST" name="Suite" finished-at="2023-10-09T22:35:22 BST" duration-ms="46309">
    <groups>
      <group name="watches">
        <method signature="TC_Accounts_SA_001_Test.account()[pri:0, instance:accounts.TC_Accounts_SA_001_Test@636be97c]" name="account" class="accounts.TC_Accounts_SA_001_Test"/>
        <method signature="TC_Login_001_Test.account()[pri:0, instance:login.TC_Login_001_Test@3f197a46]" name="account" class="login.TC_Login_001_Test"/>
        <method signature="TC_Titan_Test.account()[pri:0, instance:accounts.TC_Titan_Test@50a638b5]" name="account" class="accounts.TC_Titan_Test"/>
        <method signature="TC_Watchs_Test.account()[pri:0, instance:login.TC_Watchs_Test@5e82df6a]" name="account" class="login.TC_Watchs_Test"/>
      </group> <!-- watches -->
    </groups>
    <test started-at="2023-10-09T22:34:36 BST" name="Test" finished-at="2023-10-09T22:35:22 BST" duration-ms="46309">
      <class name="login.TC_Watchs_Test">
        <test-method signature="account()[pri:0, instance:login.TC_Watchs_Test@5e82df6a]" started-at="2023-10-09T22:34:36 BST" name="account" finished-at="2023-10-09T22:34:48 BST" duration-ms="12011" status="PASS">
          <reporter-output>
          </reporter-output>
        </test-method> <!-- account -->
      </class> <!-- login.TC_Watchs_Test -->
      <class name="accounts.TC_Titan_Test">
        <test-method signature="account()[pri:0, instance:accounts.TC_Titan_Test@50a638b5]" started-at="2023-10-09T22:35:08 BST" name="account" finished-at="2023-10-09T22:35:22 BST" duration-ms="13965" status="PASS">
          <reporter-output>
          </reporter-output>
        </test-method> <!-- account -->
      </class> <!-- accounts.TC_Titan_Test -->
      <class name="login.TC_Login_001_Test">
        <test-method signature="account()[pri:0, instance:login.TC_Login_001_Test@3f197a46]" started-at="2023-10-09T22:34:48 BST" name="account" finished-at="2023-10-09T22:34:59 BST" duration-ms="10925" status="PASS">
          <reporter-output>
          </reporter-output>
        </test-method> <!-- account -->
      </class> <!-- login.TC_Login_001_Test -->
      <class name="accounts.TC_Accounts_SA_001_Test">
        <test-method signature="account()[pri:0, instance:accounts.TC_Accounts_SA_001_Test@636be97c]" started-at="2023-10-09T22:34:59 BST" name="account" finished-at="2023-10-09T22:35:08 BST" duration-ms="9360" status="PASS">
          <reporter-output>
          </reporter-output>
        </test-method> <!-- account -->
      </class> <!-- accounts.TC_Accounts_SA_001_Test -->
    </test> <!-- Test -->
  </suite> <!-- Suite -->
</testng-results>
