<?xml version="1.0" encoding="UTF-8"?>
<!-- Generated by org.testng.reporters.JUnitXMLReporter -->
<testsuite ignored="5" hostname="Anitha" failures="0" tests="3" name="Test" time="76.05" errors="0" timestamp="2023-10-05T10:32:32 BST">
  <testcase classname="tv.Samsong_Test" name="account" time="46.44"/>
  <testcase classname="tv.LG_Test" name="account" time="17.281"/>
  <testcase classname="tv.Sony_Test" name="account" time="12.22"/>
  <testcase classname="accounts.TC_Accounts_SA_001_Test" name="account" time="0.0">
    <ignored/>
  </testcase> <!-- account -->
  <testcase classname="login.TC_Login_001_Test" name="account" time="0.0">
    <ignored/>
  </testcase> <!-- account -->
  <testcase classname="login.TC_JohnLevis_Test" name="login" time="0.0">
    <ignored/>
  </testcase> <!-- login -->
  <testcase classname="accounts.TC_Titan" name="account" time="0.0">
    <ignored/>
  </testcase> <!-- account -->
  <testcase classname="login.TC_Watchs" name="account" time="0.0">
    <ignored/>
  </testcase> <!-- account -->
</testsuite> <!-- Test -->
