<?xml version="1.0" encoding="UTF-8"?>
<!-- Generated by org.testng.reporters.JUnitXMLReporter -->
<testsuite ignored="9" hostname="Anitha" failures="0" tests="4" name="Test" time="46.309" errors="0" timestamp="2023-10-09T22:35:22 BST">
  <testcase classname="login.TC_Watchs_Test" name="account" time="12.011"/>
  <testcase classname="login.TC_Login_001_Test" name="account" time="10.925"/>
  <testcase classname="accounts.TC_Accounts_SA_001_Test" name="account" time="9.36"/>
  <testcase classname="accounts.TC_Titan_Test" name="account" time="13.965"/>
  <testcase classname="generic.TC_App_Test" name="testLogin1" time="0.0">
    <ignored/>
  </testcase> <!-- testLogin1 -->
  <testcase classname="generic.ReadData_Test" name="registerUser" time="0.0">
    <ignored/>
  </testcase> <!-- registerUser -->
  <testcase classname="login.TC_JohnLevis_Test" name="login" time="0.0">
    <ignored/>
  </testcase> <!-- login -->
  <testcase classname="tv.LG_Test" name="account" time="0.0">
    <ignored/>
  </testcase> <!-- account -->
  <testcase classname="Anitha.Sample_Test_001" name="SampleDemo" time="0.0">
    <ignored/>
  </testcase> <!-- SampleDemo -->
  <testcase classname="generic.TC_App_Test" name="testLogin2" time="0.0">
    <ignored/>
  </testcase> <!-- testLogin2 -->
  <testcase classname="generic.TC_Login_Test" name="lohin_Test" time="0.0">
    <ignored/>
  </testcase> <!-- lohin_Test -->
  <testcase classname="tv.Samsong_Test" name="account" time="0.0">
    <ignored/>
  </testcase> <!-- account -->
  <testcase classname="tv.Sony_Test" name="account" time="0.0">
    <ignored/>
  </testcase> <!-- account -->
</testsuite> <!-- Test -->
